<?xml version="1.0" encoding="UTF-8"?>
<testsuite name="org.scoula.jdbc_ex.test.ConnectionTest" tests="1" skipped="0" failures="0" errors="0" timestamp="2025-05-21T06:52:50" hostname="M504" time="0.012">
  <properties/>
  <testcase name="jdbc_ex 연결" classname="org.scoula.jdbc_ex.test.ConnectionTest" time="0.012"/>
  <system-out><![CDATA[DB 연결 성공
]]></system-out>
  <system-err><![CDATA[]]></system-err>
</testsuite>
